  [1m[35m (1.9ms)[0m  [1m[34mSELECT sqlite_version(*)[0m
  [1m[35m (1.4ms)[0m  [1m[35mCREATE TABLE "schema_migrations" ("version" varchar NOT NULL PRIMARY KEY)[0m
  [1m[35m (1.5ms)[0m  [1m[35mCREATE TABLE "ar_internal_metadata" ("key" varchar NOT NULL PRIMARY KEY, "value" varchar, "created_at" datetime(6) NOT NULL, "updated_at" datetime(6) NOT NULL)[0m
  [1m[35m (0.2ms)[0m  [1m[34mSELECT "schema_migrations"."version" FROM "schema_migrations" ORDER BY "schema_migrations"."version" ASC[0m
Migrating to CreateCars (20200216005528)
  [1m[35m (0.1ms)[0m  [1m[36mbegin transaction[0m
  [1m[35m (0.6ms)[0m  [1m[35mCREATE TABLE "cars" ("id" integer PRIMARY KEY AUTOINCREMENT NOT NULL, "make" varchar, "model" varchar, "year" integer, "created_at" datetime(6) NOT NULL, "updated_at" datetime(6) NOT NULL)[0m
  [1m[36mprimary::SchemaMigration Create (1.7ms)[0m  [1m[32mINSERT INTO "schema_migrations" ("version") VALUES (?)[0m  [["version", "20200216005528"]]
  [1m[35m (9.0ms)[0m  [1m[36mcommit transaction[0m
  [1m[36mActiveRecord::InternalMetadata Load (0.3ms)[0m  [1m[34mSELECT "ar_internal_metadata".* FROM "ar_internal_metadata" WHERE "ar_internal_metadata"."key" = ? LIMIT ?[0m  [["key", "environment"], ["LIMIT", 1]]
  [1m[35m (0.1ms)[0m  [1m[36mbegin transaction[0m
  [1m[36mActiveRecord::InternalMetadata Create (0.6ms)[0m  [1m[32mINSERT INTO "ar_internal_metadata" ("key", "value", "created_at", "updated_at") VALUES (?, ?, ?, ?)[0m  [["key", "environment"], ["value", "development"], ["created_at", "2020-02-16 00:55:54.486559"], ["updated_at", "2020-02-16 00:55:54.486559"]]
  [1m[35m (1.1ms)[0m  [1m[36mcommit transaction[0m
  [1m[35m (0.1ms)[0m  [1m[34mSELECT sqlite_version(*)[0m
  [1m[35m (0.3ms)[0m  [1m[34mSELECT "schema_migrations"."version" FROM "schema_migrations" ORDER BY "schema_migrations"."version" ASC[0m
Started GET "/cars" for ::1 at 2020-02-15 18:56:11 -0600
  [1m[35m (1.1ms)[0m  [1m[34mSELECT sqlite_version(*)[0m
  [1m[35m (0.2ms)[0m  [1m[34mSELECT "schema_migrations"."version" FROM "schema_migrations" ORDER BY "schema_migrations"."version" ASC[0m
Processing by CarsController#index as HTML
  Rendering cars/index.html.erb within layouts/application
  [1m[36mCar Load (0.3ms)[0m  [1m[34mSELECT "cars".* FROM "cars"[0m
  ↳ app/views/cars/index.html.erb:16
  Rendered cars/index.html.erb within layouts/application (Duration: 7.1ms | Allocations: 1638)
[Webpacker] Compiling...
[Webpacker] Compiled all packs in /Users/peterprog/Desktop/exercises/odin_work/odin_on_rails/my_first_rails_app/public/packs
[Webpacker] Hash: 32e57f147dbdcbbf0c82
Version: webpack 4.41.6
Time: 2644ms
Built at: 02/15/2020 6:56:16 PM
                                     Asset       Size       Chunks                         Chunk Names
    js/application-bbe9c4a129ab949e0636.js    124 KiB  application  [emitted] [immutable]  application
js/application-bbe9c4a129ab949e0636.js.map    139 KiB  application  [emitted] [dev]        application
                             manifest.json  364 bytes               [emitted]              
Entrypoint application = js/application-bbe9c4a129ab949e0636.js js/application-bbe9c4a129ab949e0636.js.map
[./app/javascript/channels sync recursive _channel\.js$] ./app/javascript/channels sync _channel\.js$ 160 bytes {application} [built]
[./app/javascript/channels/index.js] 211 bytes {application} [built]
[./app/javascript/packs/application.js] 749 bytes {application} [built]
[./node_modules/webpack/buildin/module.js] (webpack)/buildin/module.js 552 bytes {application} [built]
    + 3 hidden modules

Completed 200 OK in 5345ms (Views: 5324.6ms | ActiveRecord: 0.9ms | Allocations: 29975)


Started GET "/cars/new" for ::1 at 2020-02-15 18:56:20 -0600
Processing by CarsController#new as HTML
  Rendering cars/new.html.erb within layouts/application
  Rendered cars/_form.html.erb (Duration: 25.4ms | Allocations: 5663)
  Rendered cars/new.html.erb within layouts/application (Duration: 27.3ms | Allocations: 6035)
[Webpacker] Everything's up-to-date. Nothing to do
Completed 200 OK in 55ms (Views: 39.6ms | ActiveRecord: 2.5ms | Allocations: 14541)


Started POST "/cars" for ::1 at 2020-02-15 18:56:34 -0600
Processing by CarsController#create as HTML
  Parameters: {"authenticity_token"=>"aekO4Xwdw13ebLMWfy6IMrwaOnVOT0BTtSFTLAEteTxS7H8TwPWR6Yc5HqOCJx4NmRHXPiE+RNc7Mx7a6bJhwA==", "car"=>{"make"=>"nissan", "model"=>"Altima", "year"=>"2000"}, "commit"=>"Create Car"}
  [1m[35m (0.1ms)[0m  [1m[36mbegin transaction[0m
  ↳ app/controllers/cars_controller.rb:30:in `block in create'
  [1m[36mCar Create (1.0ms)[0m  [1m[32mINSERT INTO "cars" ("make", "model", "year", "created_at", "updated_at") VALUES (?, ?, ?, ?, ?)[0m  [["make", "nissan"], ["model", "Altima"], ["year", 2000], ["created_at", "2020-02-16 00:56:34.777140"], ["updated_at", "2020-02-16 00:56:34.777140"]]
  ↳ app/controllers/cars_controller.rb:30:in `block in create'
  [1m[35m (0.9ms)[0m  [1m[36mcommit transaction[0m
  ↳ app/controllers/cars_controller.rb:30:in `block in create'
Redirected to http://localhost:3000/cars/1
Completed 302 Found in 10ms (ActiveRecord: 2.1ms | Allocations: 2861)


Started GET "/cars/1" for ::1 at 2020-02-15 18:56:34 -0600
Processing by CarsController#show as HTML
  Parameters: {"id"=>"1"}
  [1m[36mCar Load (0.3ms)[0m  [1m[34mSELECT "cars".* FROM "cars" WHERE "cars"."id" = ? LIMIT ?[0m  [["id", 1], ["LIMIT", 1]]
  ↳ app/controllers/cars_controller.rb:67:in `set_car'
  Rendering cars/show.html.erb within layouts/application
  Rendered cars/show.html.erb within layouts/application (Duration: 1.4ms | Allocations: 299)
[Webpacker] Everything's up-to-date. Nothing to do
Completed 200 OK in 21ms (Views: 13.1ms | ActiveRecord: 0.3ms | Allocations: 5984)


Started GET "/cars" for ::1 at 2020-02-15 18:56:36 -0600
Processing by CarsController#index as HTML
  Rendering cars/index.html.erb within layouts/application
  [1m[36mCar Load (0.5ms)[0m  [1m[34mSELECT "cars".* FROM "cars"[0m
  ↳ app/views/cars/index.html.erb:16
  Rendered cars/index.html.erb within layouts/application (Duration: 3.7ms | Allocations: 762)
[Webpacker] Everything's up-to-date. Nothing to do
Completed 200 OK in 18ms (Views: 14.8ms | ActiveRecord: 0.5ms | Allocations: 5031)


Started GET "/cars/new" for ::1 at 2020-02-15 18:56:38 -0600
Processing by CarsController#new as HTML
  Rendering cars/new.html.erb within layouts/application
  Rendered cars/_form.html.erb (Duration: 2.8ms | Allocations: 959)
  Rendered cars/new.html.erb within layouts/application (Duration: 3.3ms | Allocations: 1058)
[Webpacker] Everything's up-to-date. Nothing to do
Completed 200 OK in 15ms (Views: 13.9ms | ActiveRecord: 0.0ms | Allocations: 5346)


Started POST "/cars" for ::1 at 2020-02-15 18:56:46 -0600
Processing by CarsController#create as HTML
  Parameters: {"authenticity_token"=>"0P6IRp37TEsV98BW3byBqnVkZz4EKNJJcasOFDZJW6/r+/m0IRMe/0yibeMgtReVUG+KdWtZ1s3/uUPi3tZDUw==", "car"=>{"make"=>"Honda", "model"=>"Accord", "year"=>"2019"}, "commit"=>"Create Car"}
  [1m[35m (0.1ms)[0m  [1m[36mbegin transaction[0m
  ↳ app/controllers/cars_controller.rb:30:in `block in create'
  [1m[36mCar Create (0.6ms)[0m  [1m[32mINSERT INTO "cars" ("make", "model", "year", "created_at", "updated_at") VALUES (?, ?, ?, ?, ?)[0m  [["make", "Honda"], ["model", "Accord"], ["year", 2019], ["created_at", "2020-02-16 00:56:46.294216"], ["updated_at", "2020-02-16 00:56:46.294216"]]
  ↳ app/controllers/cars_controller.rb:30:in `block in create'
  [1m[35m (0.9ms)[0m  [1m[36mcommit transaction[0m
  ↳ app/controllers/cars_controller.rb:30:in `block in create'
Redirected to http://localhost:3000/cars/2
Completed 302 Found in 9ms (ActiveRecord: 1.6ms | Allocations: 2583)


Started GET "/cars/2" for ::1 at 2020-02-15 18:56:46 -0600
Processing by CarsController#show as HTML
  Parameters: {"id"=>"2"}
  [1m[36mCar Load (0.2ms)[0m  [1m[34mSELECT "cars".* FROM "cars" WHERE "cars"."id" = ? LIMIT ?[0m  [["id", 2], ["LIMIT", 1]]
  ↳ app/controllers/cars_controller.rb:67:in `set_car'
  Rendering cars/show.html.erb within layouts/application
  Rendered cars/show.html.erb within layouts/application (Duration: 0.3ms | Allocations: 89)
[Webpacker] Everything's up-to-date. Nothing to do
Completed 200 OK in 15ms (Views: 13.3ms | ActiveRecord: 0.2ms | Allocations: 4872)


Started GET "/cars" for ::1 at 2020-02-15 18:56:47 -0600
Processing by CarsController#index as HTML
  Rendering cars/index.html.erb within layouts/application
  [1m[36mCar Load (0.2ms)[0m  [1m[34mSELECT "cars".* FROM "cars"[0m
  ↳ app/views/cars/index.html.erb:16
  Rendered cars/index.html.erb within layouts/application (Duration: 3.6ms | Allocations: 882)
[Webpacker] Everything's up-to-date. Nothing to do
Completed 200 OK in 18ms (Views: 16.3ms | ActiveRecord: 0.2ms | Allocations: 5146)


Started GET "/cars/new" for ::1 at 2020-02-15 18:56:48 -0600
Processing by CarsController#new as HTML
  Rendering cars/new.html.erb within layouts/application
  Rendered cars/_form.html.erb (Duration: 4.4ms | Allocations: 957)
  Rendered cars/new.html.erb within layouts/application (Duration: 5.1ms | Allocations: 1055)
[Webpacker] Everything's up-to-date. Nothing to do
Completed 200 OK in 17ms (Views: 15.9ms | ActiveRecord: 0.0ms | Allocations: 5323)


Started POST "/cars" for ::1 at 2020-02-15 18:56:56 -0600
Processing by CarsController#create as HTML
  Parameters: {"authenticity_token"=>"Thw17DToaplwAEbFRAEo+dE54DnZvu2qUkOm22oCWUN1GUQeiAA4LSlV63C5CL7G9DINcrbP6S7cUestgp1Bvw==", "car"=>{"make"=>"Dodge", "model"=>"Ram", "year"=>"1995"}, "commit"=>"Create Car"}
  [1m[35m (0.1ms)[0m  [1m[36mbegin transaction[0m
  ↳ app/controllers/cars_controller.rb:30:in `block in create'
  [1m[36mCar Create (0.4ms)[0m  [1m[32mINSERT INTO "cars" ("make", "model", "year", "created_at", "updated_at") VALUES (?, ?, ?, ?, ?)[0m  [["make", "Dodge"], ["model", "Ram"], ["year", 1995], ["created_at", "2020-02-16 00:56:56.066248"], ["updated_at", "2020-02-16 00:56:56.066248"]]
  ↳ app/controllers/cars_controller.rb:30:in `block in create'
  [1m[35m (2.2ms)[0m  [1m[36mcommit transaction[0m
  ↳ app/controllers/cars_controller.rb:30:in `block in create'
Redirected to http://localhost:3000/cars/3
Completed 302 Found in 16ms (ActiveRecord: 2.6ms | Allocations: 2587)


Started GET "/cars/3" for ::1 at 2020-02-15 18:56:56 -0600
Processing by CarsController#show as HTML
  Parameters: {"id"=>"3"}
  [1m[36mCar Load (0.2ms)[0m  [1m[34mSELECT "cars".* FROM "cars" WHERE "cars"."id" = ? LIMIT ?[0m  [["id", 3], ["LIMIT", 1]]
  ↳ app/controllers/cars_controller.rb:67:in `set_car'
  Rendering cars/show.html.erb within layouts/application
  Rendered cars/show.html.erb within layouts/application (Duration: 0.5ms | Allocations: 89)
[Webpacker] Everything's up-to-date. Nothing to do
Completed 200 OK in 13ms (Views: 10.6ms | ActiveRecord: 0.2ms | Allocations: 4871)


Started GET "/cars" for ::1 at 2020-02-15 18:56:57 -0600
Processing by CarsController#index as HTML
  Rendering cars/index.html.erb within layouts/application
  [1m[36mCar Load (0.2ms)[0m  [1m[34mSELECT "cars".* FROM "cars"[0m
  ↳ app/views/cars/index.html.erb:16
  Rendered cars/index.html.erb within layouts/application (Duration: 3.1ms | Allocations: 1022)
[Webpacker] Everything's up-to-date. Nothing to do
Completed 200 OK in 18ms (Views: 15.8ms | ActiveRecord: 0.2ms | Allocations: 5292)


